Build started 29/11/2015 13:26:12.
     1>Project "C:\Users\Maxime\Videos\TP IA\Logique-Floue\Buckland_Chapter7 to 10_Raven\Raven.vcxproj" on node 2 (Build target(s)).
     1>ClCompile:
         C:\Program Files (x86)\Microsoft Visual Studio 12.0\VC\bin\CL.exe /c /Zi /nologo /W3 /WX- /Od /Oy- /D WIN32 /D _DEBUG /D _WINDOWS /D _VC80_UPGRADE=0x0600 /D _MBCS /Gm /EHsc /RTC1 /MTd /GS /fp:precise /Zc:wchar_t /Zc:forScope /GR /FAs /Fa".\Debug/" /Fo".\Debug/" /Fd".\Debug/vc120.pdb" /FR".\Debug\\" /Gd /TP /analyze- /errorReport:prompt /Zm200  main.cpp Raven_Bot.cpp Raven_Game.cpp Raven_Map.cpp armory\Raven_Weapon.cpp armory\Weapon_Blaster.cpp armory\Weapon_RailGun.cpp armory\Weapon_RocketLauncher.cpp armory\Weapon_ShotGun.cpp armory\Projectile_Bolt.cpp armory\Projectile_Pellet.cpp armory\Projectile_Rocket.cpp armory\Projectile_Slug.cpp armory\Raven_Projectile.cpp ..\Common\Game\BaseGameEntity.cpp lua\Raven_Scriptor.cpp ..\Common\Game\EntityManager.cpp GraveMarkers.cpp Raven_Door.cpp Raven_UserOptions.cpp goals\Raven_Goal_Types.cpp goals\Goal_AdjustRange.cpp goals\Goal_AttackTarget.cpp goals\Goal_Explore.cpp goals\Goal_FollowPath.cpp goals\Goal_GetItem.cpp goals\Goal_HuntTarget.cpp goals\Goal_MoveToPosition.cpp goals\Goal_NegotiateDoor.cpp goals\Goal_Think.cpp goals\AttackTargetGoal_Evaluator.cpp goals\ExploreGoal_Evaluator.cpp goals\GetHealthGoal_Evaluator.cpp goals\GetWeaponGoal_Evaluator.cpp goals\Raven_Feature.cpp goals\Goal_DodgeSideToSide.cpp goals\Goal_SayPhrase.cpp goals\Goal_SeekToPosition.cpp goals\Goal_TraverseEdge.cpp goals\Goal_Wander.cpp ..\Common\fuzzy\FuzzyModule.cpp ..\Common\fuzzy\FuzzyOperators.cpp ..\Common\fuzzy\FuzzyVariable.cpp ..\Common\fuzzy\FuzzySet_LeftShoulder.cpp ..\Common\fuzzy\FuzzySet_RightShoulder.cpp ..\Common\fuzzy\FuzzySet_Singleton.cpp ..\Common\fuzzy\FuzzySet_Triangle.cpp navigation\Raven_PathPlanner.cpp Raven_SteeringBehaviors.cpp ..\Common\Messaging\MessageDispatcher.cpp Raven_SensoryMemory.cpp triggers\Trigger_HealthGiver.cpp triggers\Trigger_SoundNotify.cpp triggers\Trigger_WeaponGiver.cpp Raven_WeaponSystem.cpp Raven_TargetingSystem.cpp ..\Common\misc\Cgdi.cpp ..\Common\Time\CrudeTimer.cpp ..\Common\Debug\DebugConsole.cpp ..\Common\misc\FrameCounter.cpp ..\Common\Time\PrecisionTimer.cpp ..\Common\2D\Vector2d.cpp ..\Common\misc\WindowUtils.cpp
         WindowUtils.cpp
         Vector2d.cpp
         PrecisionTimer.cpp
         FrameCounter.cpp
         DebugConsole.cpp
         CrudeTimer.cpp
         Cgdi.cpp
         Raven_TargetingSystem.cpp
         Raven_WeaponSystem.cpp
         Trigger_WeaponGiver.cpp
         Trigger_SoundNotify.cpp
         Trigger_HealthGiver.cpp
         Raven_SensoryMemory.cpp
         MessageDispatcher.cpp
         Raven_SteeringBehaviors.cpp
         Raven_PathPlanner.cpp
         FuzzySet_Triangle.cpp
         FuzzySet_Singleton.cpp
         FuzzySet_RightShoulder.cpp
         FuzzySet_LeftShoulder.cpp
         Generating Code...
         Compiling...
         FuzzyVariable.cpp
         FuzzyOperators.cpp
         FuzzyModule.cpp
         Goal_Wander.cpp
         Goal_TraverseEdge.cpp
         Goal_SeekToPosition.cpp
         Goal_SayPhrase.cpp
         Goal_DodgeSideToSide.cpp
         Raven_Feature.cpp
         GetWeaponGoal_Evaluator.cpp
         GetHealthGoal_Evaluator.cpp
         ExploreGoal_Evaluator.cpp
         AttackTargetGoal_Evaluator.cpp
         Goal_Think.cpp
         Goal_NegotiateDoor.cpp
         Goal_MoveToPosition.cpp
         Goal_HuntTarget.cpp
         Goal_GetItem.cpp
         Goal_FollowPath.cpp
         Goal_Explore.cpp
         Generating Code...
         Compiling...
         Goal_AttackTarget.cpp
         Goal_AdjustRange.cpp
         Raven_Goal_Types.cpp
         Raven_UserOptions.cpp
         Raven_Door.cpp
         GraveMarkers.cpp
         EntityManager.cpp
         Raven_Scriptor.cpp
         BaseGameEntity.cpp
         Raven_Projectile.cpp
         Projectile_Slug.cpp
         Projectile_Rocket.cpp
         Projectile_Pellet.cpp
         Projectile_Bolt.cpp
         Weapon_ShotGun.cpp
         Weapon_RocketLauncher.cpp
         Weapon_RailGun.cpp
         Weapon_Blaster.cpp
         Raven_Weapon.cpp
         Raven_Map.cpp
         Generating Code...
         Compiling...
         Raven_Game.cpp
         Raven_Bot.cpp
         main.cpp
         Generating Code...
       ResourceCompile:
         C:\Program Files (x86)\Windows Kits\8.1\bin\x86\rc.exe /D _DEBUG /D _VC80_UPGRADE=0x0600 /l"0x0809" /nologo /fo".\Debug\Script1.res" Script1.rc 
       Link:
         C:\Program Files (x86)\Microsoft Visual Studio 12.0\VC\bin\link.exe /ERRORREPORT:PROMPT /OUT:".\Debug/Raven.exe" /INCREMENTAL /NOLOGO kernel32.lib user32.lib gdi32.lib winspool.lib comdlg32.lib advapi32.lib shell32.lib ole32.lib oleaut32.lib uuid.lib odbc32.lib odbccp32.lib /NODEFAULTLIB:libcmt /MANIFEST /MANIFESTUAC:"level='asInvoker' uiAccess='false'" /manifest:embed /DEBUG /PDB:".\Debug/Raven.pdb" /SUBSYSTEM:WINDOWS /TLBID:1 /DYNAMICBASE:NO /IMPLIB:".\Debug\Raven.lib" /MACHINE:X86 /SAFESEH .\Debug\Script1.res
         .\Debug/main.obj
         .\Debug/Raven_Bot.obj
         .\Debug/Raven_Game.obj
         .\Debug/Raven_Map.obj
         .\Debug/Raven_Weapon.obj
         .\Debug/Weapon_Blaster.obj
         .\Debug/Weapon_RailGun.obj
         .\Debug/Weapon_RocketLauncher.obj
         .\Debug/Weapon_ShotGun.obj
         .\Debug/Projectile_Bolt.obj
         .\Debug/Projectile_Pellet.obj
         .\Debug/Projectile_Rocket.obj
         .\Debug/Projectile_Slug.obj
         .\Debug/Raven_Projectile.obj
         .\Debug/BaseGameEntity.obj
         .\Debug/Raven_Scriptor.obj
         .\Debug/EntityManager.obj
         .\Debug/GraveMarkers.obj
         .\Debug/Raven_Door.obj
         .\Debug/Raven_UserOptions.obj
         .\Debug/Raven_Goal_Types.obj
         .\Debug/Goal_AdjustRange.obj
         .\Debug/Goal_AttackTarget.obj
         .\Debug/Goal_Explore.obj
         .\Debug/Goal_FollowPath.obj
         .\Debug/Goal_GetItem.obj
         .\Debug/Goal_HuntTarget.obj
         .\Debug/Goal_MoveToPosition.obj
         .\Debug/Goal_NegotiateDoor.obj
         .\Debug/Goal_Think.obj
         .\Debug/AttackTargetGoal_Evaluator.obj
         .\Debug/ExploreGoal_Evaluator.obj
         .\Debug/GetHealthGoal_Evaluator.obj
         .\Debug/GetWeaponGoal_Evaluator.obj
         .\Debug/Raven_Feature.obj
         .\Debug/Goal_DodgeSideToSide.obj
         .\Debug/Goal_SayPhrase.obj
         .\Debug/Goal_SeekToPosition.obj
         .\Debug/Goal_TraverseEdge.obj
         .\Debug/Goal_Wander.obj
         .\Debug/FuzzyModule.obj
         .\Debug/FuzzyOperators.obj
         .\Debug/FuzzyVariable.obj
         .\Debug/FuzzySet_LeftShoulder.obj
         .\Debug/FuzzySet_RightShoulder.obj
         .\Debug/FuzzySet_Singleton.obj
         .\Debug/FuzzySet_Triangle.obj
         .\Debug/Raven_PathPlanner.obj
         .\Debug/Raven_SteeringBehaviors.obj
         .\Debug/MessageDispatcher.obj
         .\Debug/Raven_SensoryMemory.obj
         .\Debug/Trigger_HealthGiver.obj
         .\Debug/Trigger_SoundNotify.obj
         .\Debug/Trigger_WeaponGiver.obj
         .\Debug/Raven_WeaponSystem.obj
         .\Debug/Raven_TargetingSystem.obj
         .\Debug/Cgdi.obj
         .\Debug/CrudeTimer.obj
         .\Debug/DebugConsole.obj
         .\Debug/FrameCounter.obj
         .\Debug/PrecisionTimer.obj
         .\Debug/Vector2d.obj
         .\Debug/WindowUtils.obj
         Raven.vcxproj -> C:\Users\Maxime\Videos\TP IA\Logique-Floue\Buckland_Chapter7 to 10_Raven\.\Debug\Raven.exe
       BscMake:
         C:\Program Files (x86)\Microsoft Visual Studio 12.0\VC\bin\bscmake.exe /nologo /o".\Debug/Raven.bsc" .\Debug\main.sbr .\Debug\Raven_Bot.sbr .\Debug\Raven_Game.sbr .\Debug\Raven_Map.sbr .\Debug\Raven_Weapon.sbr .\Debug\Weapon_Blaster.sbr .\Debug\Weapon_RailGun.sbr .\Debug\Weapon_RocketLauncher.sbr .\Debug\Weapon_ShotGun.sbr .\Debug\Projectile_Bolt.sbr .\Debug\Projectile_Pellet.sbr .\Debug\Projectile_Rocket.sbr .\Debug\Projectile_Slug.sbr .\Debug\Raven_Projectile.sbr .\Debug\BaseGameEntity.sbr .\Debug\Raven_Scriptor.sbr .\Debug\EntityManager.sbr .\Debug\GraveMarkers.sbr .\Debug\Raven_Door.sbr .\Debug\Raven_UserOptions.sbr .\Debug\Raven_Goal_Types.sbr .\Debug\Goal_AdjustRange.sbr .\Debug\Goal_AttackTarget.sbr .\Debug\Goal_Explore.sbr .\Debug\Goal_FollowPath.sbr .\Debug\Goal_GetItem.sbr .\Debug\Goal_HuntTarget.sbr .\Debug\Goal_MoveToPosition.sbr .\Debug\Goal_NegotiateDoor.sbr .\Debug\Goal_Think.sbr .\Debug\AttackTargetGoal_Evaluator.sbr .\Debug\ExploreGoal_Evaluator.sbr .\Debug\GetHealthGoal_Evaluator.sbr .\Debug\GetWeaponGoal_Evaluator.sbr .\Debug\Raven_Feature.sbr .\Debug\Goal_DodgeSideToSide.sbr .\Debug\Goal_SayPhrase.sbr .\Debug\Goal_SeekToPosition.sbr .\Debug\Goal_TraverseEdge.sbr .\Debug\Goal_Wander.sbr .\Debug\FuzzyModule.sbr .\Debug\FuzzyOperators.sbr .\Debug\FuzzyVariable.sbr .\Debug\FuzzySet_LeftShoulder.sbr .\Debug\FuzzySet_RightShoulder.sbr .\Debug\FuzzySet_Singleton.sbr .\Debug\FuzzySet_Triangle.sbr .\Debug\Raven_PathPlanner.sbr .\Debug\Raven_SteeringBehaviors.sbr .\Debug\MessageDispatcher.sbr .\Debug\Raven_SensoryMemory.sbr .\Debug\Trigger_HealthGiver.sbr .\Debug\Trigger_SoundNotify.sbr .\Debug\Trigger_WeaponGiver.sbr .\Debug\Raven_WeaponSystem.sbr .\Debug\Raven_TargetingSystem.sbr .\Debug\Cgdi.sbr .\Debug\CrudeTimer.sbr .\Debug\DebugConsole.sbr .\Debug\FrameCounter.sbr .\Debug\PrecisionTimer.sbr .\Debug\Vector2d.sbr .\Debug\WindowUtils.sbr
     1>Done Building Project "C:\Users\Maxime\Videos\TP IA\Logique-Floue\Buckland_Chapter7 to 10_Raven\Raven.vcxproj" (Build target(s)).

Build succeeded.

Time Elapsed 00:01:51.22
